[14abr.2024 00:20:46.683] [Server thread/INFO] [net.minecraft.server.MinecraftServer/]: Kinbofox has made the advancement [A Seedy Place]
[14abr.2024 00:37:43.867] [Server thread/INFO] [net.minecraft.server.network.ServerGamePacketListenerImpl/]: LivelyGum lost connection: Disconnected
[14abr.2024 00:37:43.867] [Server thread/INFO] [net.minecraft.server.MinecraftServer/]: LivelyGum left the game
[14abr.2024 00:37:43.870] [Server thread/INFO] [xaero.pac.OpenPartiesAndClaims/]: Updating all forceload tickets for 455ec3de-5d37-3432-b19a-10e4977e4ca0
[14abr.2024 00:51:31.506] [Server thread/INFO] [net.minecraft.server.network.ServerGamePacketListenerImpl/]: Kinbofox lost connection: Disconnected
[14abr.2024 00:51:31.506] [Server thread/INFO] [net.minecraft.server.MinecraftServer/]: Kinbofox left the game
[14abr.2024 00:51:31.507] [Server thread/INFO] [xaero.pac.OpenPartiesAndClaims/]: Updating all forceload tickets for 704aa2ab-ad63-3f65-a717-3fa0a9a7c586
[14abr.2024 00:51:48.099] [Server thread/INFO] [net.minecraft.server.MinecraftServer/]: Unknown or incomplete command, see below for error
[14abr.2024 00:51:48.099] [Server thread/INFO] [net.minecraft.server.MinecraftServer/]: 	save<--[HERE]
[14abr.2024 00:51:53.298] [Server thread/INFO] [net.minecraft.server.MinecraftServer/]: Saving the game (this may take a moment!)
[14abr.2024 00:51:53.554] [Server thread/INFO] [net.minecraft.server.MinecraftServer/]: Saved the game
[14abr.2024 00:51:57.599] [Server thread/INFO] [net.minecraft.server.MinecraftServer/]: Stopping the server
[14abr.2024 00:51:57.672] [Server thread/INFO] [net.minecraft.server.MinecraftServer/]: Stopping server
[14abr.2024 00:51:57.676] [Server thread/INFO] [net.minecraft.server.MinecraftServer/]: Saving players
[14abr.2024 00:51:57.677] [Server thread/INFO] [net.minecraft.server.MinecraftServer/]: Saving worlds
[14abr.2024 00:51:57.804] [Server thread/INFO] [net.minecraft.server.MinecraftServer/]: Saving chunks for level 'ServerLevel[betterMinecraftServerWorld]'/minecraft:overworld
[14abr.2024 00:51:57.886] [Server thread/INFO] [net.minecraft.server.MinecraftServer/]: Saving chunks for level 'ServerLevel[betterMinecraftServerWorld]'/twilightforest:twilight_forest
[14abr.2024 00:51:57.888] [Server thread/INFO] [net.minecraft.server.MinecraftServer/]: Saving chunks for level 'ServerLevel[betterMinecraftServerWorld]'/deeperdarker:otherside
[14abr.2024 00:51:57.891] [Server thread/INFO] [net.minecraft.server.MinecraftServer/]: Saving chunks for level 'ServerLevel[betterMinecraftServerWorld]'/blue_skies:everbright
[14abr.2024 00:51:57.893] [Server thread/INFO] [net.minecraft.server.MinecraftServer/]: Saving chunks for level 'ServerLevel[betterMinecraftServerWorld]'/aether:the_aether
[14abr.2024 00:51:57.895] [Server thread/INFO] [net.minecraft.server.MinecraftServer/]: Saving chunks for level 'ServerLevel[betterMinecraftServerWorld]'/minecraft:the_end
[14abr.2024 00:51:57.897] [Server thread/INFO] [net.minecraft.server.MinecraftServer/]: Saving chunks for level 'ServerLevel[betterMinecraftServerWorld]'/blue_skies:everdawn
[14abr.2024 00:51:57.899] [Server thread/INFO] [net.minecraft.server.MinecraftServer/]: Saving chunks for level 'ServerLevel[betterMinecraftServerWorld]'/minecraft:the_nether
[14abr.2024 00:51:58.117] [Server thread/INFO] [net.minecraft.server.MinecraftServer/]: ThreadedAnvilChunkStorage (betterMinecraftServerWorld): All chunks are saved
[14abr.2024 00:51:58.117] [Server thread/INFO] [net.minecraft.server.MinecraftServer/]: ThreadedAnvilChunkStorage (twilight_forest): All chunks are saved
[14abr.2024 00:51:58.117] [Server thread/INFO] [net.minecraft.server.MinecraftServer/]: ThreadedAnvilChunkStorage (otherside): All chunks are saved
[14abr.2024 00:51:58.118] [Server thread/INFO] [net.minecraft.server.MinecraftServer/]: ThreadedAnvilChunkStorage (everbright): All chunks are saved
[14abr.2024 00:51:58.118] [Server thread/INFO] [net.minecraft.server.MinecraftServer/]: ThreadedAnvilChunkStorage (the_aether): All chunks are saved
[14abr.2024 00:51:58.118] [Server thread/INFO] [net.minecraft.server.MinecraftServer/]: ThreadedAnvilChunkStorage (DIM1): All chunks are saved
[14abr.2024 00:51:58.118] [Server thread/INFO] [net.minecraft.server.MinecraftServer/]: ThreadedAnvilChunkStorage (everdawn): All chunks are saved
[14abr.2024 00:51:58.118] [Server thread/INFO] [net.minecraft.server.MinecraftServer/]: ThreadedAnvilChunkStorage (DIM-1): All chunks are saved
[14abr.2024 00:51:58.119] [Server thread/INFO] [net.minecraft.server.MinecraftServer/]: ThreadedAnvilChunkStorage: All dimensions are saved
[14abr.2024 00:51:58.318] [Server thread/INFO] [xaero.pac.OpenPartiesAndClaims/]: Stopping IO worker...
[14abr.2024 00:51:58.319] [Server thread/INFO] [xaero.pac.OpenPartiesAndClaims/]: Stopped IO worker!
[14abr.2024 00:51:58.336] [Server thread/INFO] [Framework/]: Unloading server configs...
[14abr.2024 00:51:58.343] [Server thread/INFO] [Framework/]: Sending config unload event for backpacked-server.toml
