[18:14:52] [ServerMain/INFO]: Environment: authHost='https://authserver.mojang.com', accountsHost='https://api.mojang.com', sessionHost='https://sessionserver.mojang.com', servicesHost='https://api.minecraftservices.com', name='PROD'
[18:14:54] [ServerMain/INFO]: Loaded 7 recipes
[18:14:54] [ServerMain/INFO]: Loaded 1271 advancements
[18:14:55] [Server thread/INFO]: Starting minecraft server version 1.20.1
[18:14:55] [Server thread/INFO]: Loading properties
[18:14:55] [Server thread/INFO]: Default game type: SURVIVAL
[18:14:55] [Server thread/INFO]: Generating keypair
[18:14:55] [Server thread/INFO]: Starting Minecraft server on *:25565
[18:14:55] [Server thread/INFO]: Using epoll channel type
[18:14:55] [Server thread/WARN]: **** SERVER IS RUNNING IN OFFLINE/INSECURE MODE!
[18:14:55] [Server thread/WARN]: The server will make no attempt to authenticate usernames. Beware.
[18:14:55] [Server thread/WARN]: While this makes the game possible to play without internet access, it also opens up the ability for hackers to connect with any username they choose.
[18:14:55] [Server thread/WARN]: To change this, set "online-mode" to "true" in the server.properties file.
[18:14:55] [Server thread/INFO]: Preparing level "world"
[18:14:59] [Server thread/INFO]: Preparing start region for dimension minecraft:overworld
[18:15:02] [Worker-Main-2/INFO]: Preparing spawn area: 0%
[18:15:02] [Worker-Main-2/INFO]: Preparing spawn area: 0%
[18:15:02] [Worker-Main-1/INFO]: Preparing spawn area: 0%
[18:15:02] [Worker-Main-2/INFO]: Preparing spawn area: 0%
[18:15:02] [Worker-Main-1/INFO]: Preparing spawn area: 0%
[18:15:02] [Worker-Main-1/INFO]: Preparing spawn area: 0%
[18:15:02] [Worker-Main-1/INFO]: Preparing spawn area: 0%
[18:15:02] [Worker-Main-1/INFO]: Preparing spawn area: 0%
[18:15:03] [Worker-Main-1/INFO]: Preparing spawn area: 7%
[18:15:03] [Worker-Main-1/INFO]: Preparing spawn area: 54%
[18:15:03] [Server thread/INFO]: Time elapsed: 4845 ms
[18:15:03] [Server thread/INFO]: Done (8.288s)! For help, type "help"
